<?xml version="1.0" encoding="UTF-8"?>
<testsuite xmlns:xsi="http://www.w3.org/2001/XMLSchema-instance" xsi:noNamespaceSchemaLocation="https://maven.apache.org/surefire/maven-surefire-plugin/xsd/surefire-test-report-3.0.xsd" version="3.0" name="GameBoardTest" time="71.077" tests="23" errors="0" skipped="0" failures="0">
  <properties>
[...]
</properties>
  <testcase name="testOuterHeightChangerDown" classname="GameBoardTest" time="4.319">
    <system-out><![CDATA[Clicking panel: panel_2_2
Clicking panel: panel_2_4
Clicking panel: panel_0_0
Clicking panel: panel_1_0
Clicking panel: panel_2_0
Clicking panel: panel_3_0
Clicking panel: panel_4_0
Clicking panel: panel_0_1
Clicking panel: panel_1_1
Clicking panel: panel_2_1
Clicking panel: panel_3_1
Clicking panel: panel_4_1
]]></system-out>
  </testcase>
  <testcase name="testInnerWidthChangerLeft" classname="GameBoardTest" time="2.557">
    <system-out><![CDATA[Clicking panel: panel_2_2
Clicking panel: panel_1_2
Clicking panel: panel_4_0
Clicking panel: panel_4_1
Clicking panel: panel_4_2
Clicking panel: panel_4_3
Clicking panel: panel_4_4
]]></system-out>
  </testcase>
  <testcase name="testInnerHeightChangerDown" classname="GameBoardTest" time="2.535">
    <system-out><![CDATA[Clicking panel: panel_2_2
Clicking panel: panel_2_3
Clicking panel: panel_0_0
Clicking panel: panel_1_0
Clicking panel: panel_2_0
Clicking panel: panel_3_0
Clicking panel: panel_4_0
]]></system-out>
  </testcase>
  <testcase name="testTopLeftBox" classname="GameBoardTest" time="3.027">
    <system-out><![CDATA[Clicking panel: panel_2_2
Clicking panel: panel_0_0
Clicking panel: panel_0_2
Clicking panel: panel_1_2
Clicking panel: panel_0_1
Clicking panel: panel_1_1
Clicking panel: panel_2_0
Clicking panel: panel_2_1
Clicking panel: panel_1_0
]]></system-out>
  </testcase>
  <testcase name="testMiddleLeftBox" classname="GameBoardTest" time="2.924">
    <system-out><![CDATA[Clicking panel: panel_2_2
Clicking panel: panel_2_3
Clicking panel: panel_1_3
Clicking panel: panel_0_3
Clicking panel: panel_2_1
Clicking panel: panel_1_2
Clicking panel: panel_0_2
Clicking panel: panel_1_1
Clicking panel: panel_0_1
]]></system-out>
    <system-err><![CDATA[Jul 27, 2025 5:36:32 PM org.assertj.swing.monitor.ProtectingTimerTask handleException
WARNING: Exception thrown by a TimerTask
java.lang.reflect.InaccessibleObjectException: Unable to make field int java.util.TimerTask.state accessible: module java.base does not "opens java.util" to unnamed module @76b0bfab
	at java.base/java.lang.reflect.AccessibleObject.checkCanSetAccessible(AccessibleObject.java:354)
	at java.base/java.lang.reflect.AccessibleObject.checkCanSetAccessible(AccessibleObject.java:297)
	at java.base/java.lang.reflect.Field.checkCanSetAccessible(Field.java:178)
	at java.base/java.lang.reflect.Field.setAccessible(Field.java:172)
	at org.assertj.swing.dependency.fest_reflect.util.Accessibles$SetAccessibleAction.run(Accessibles.java:70)
	at org.assertj.swing.dependency.fest_reflect.util.Accessibles$SetAccessibleAction.run(Accessibles.java:60)
	at java.base/java.security.AccessController.doPrivileged(AccessController.java:318)
	at org.assertj.swing.dependency.fest_reflect.util.Accessibles.setAccessible(Accessibles.java:57)
	at org.assertj.swing.dependency.fest_reflect.util.Accessibles.makeAccessible(Accessibles.java:46)
	at org.assertj.swing.dependency.fest_reflect.field.Invoker.verifyCorrectType(Invoker.java:98)
	at org.assertj.swing.dependency.fest_reflect.field.Invoker.createInvoker(Invoker.java:74)
	at org.assertj.swing.dependency.fest_reflect.field.Invoker.newInvoker(Invoker.java:68)
	at org.assertj.swing.dependency.fest_reflect.field.FieldType.in(FieldType.java:74)
	at org.assertj.swing.monitor.ProtectingTimerTask.isCanceled(ProtectingTimerTask.java:54)
	at org.assertj.swing.monitor.ProtectingTimerTask.run(ProtectingTimerTask.java:41)
	at java.base/java.util.TimerThread.mainLoop(Timer.java:566)
	at java.base/java.util.TimerThread.run(Timer.java:516)

]]></system-err>
  </testcase>
  <testcase name="testPlayerTurnSwitchAfterValidMove" classname="GameBoardTest" time="1.032">
    <system-out><![CDATA[Clicking panel: panel_2_2
Clicking panel: panel_2_1
]]></system-out>
  </testcase>
  <testcase name="testOuterHeightChangerUp" classname="GameBoardTest" time="3.43">
    <system-out><![CDATA[Clicking panel: panel_2_2
Clicking panel: panel_2_0
Clicking panel: panel_0_3
Clicking panel: panel_1_3
Clicking panel: panel_2_3
Clicking panel: panel_3_3
Clicking panel: panel_4_3
Clicking panel: panel_0_4
Clicking panel: panel_1_4
Clicking panel: panel_2_4
Clicking panel: panel_3_4
Clicking panel: panel_4_4
]]></system-out>
    <system-err><![CDATA[Jul 27, 2025 5:36:35 PM org.assertj.swing.monitor.ProtectingTimerTask handleException
WARNING: Exception thrown by a TimerTask
java.lang.reflect.InaccessibleObjectException: Unable to make field int java.util.TimerTask.state accessible: module java.base does not "opens java.util" to unnamed module @76b0bfab
	at java.base/java.lang.reflect.AccessibleObject.checkCanSetAccessible(AccessibleObject.java:354)
	at java.base/java.lang.reflect.AccessibleObject.checkCanSetAccessible(AccessibleObject.java:297)
	at java.base/java.lang.reflect.Field.checkCanSetAccessible(Field.java:178)
	at java.base/java.lang.reflect.Field.setAccessible(Field.java:172)
	at org.assertj.swing.dependency.fest_reflect.util.Accessibles$SetAccessibleAction.run(Accessibles.java:70)
	at org.assertj.swing.dependency.fest_reflect.util.Accessibles$SetAccessibleAction.run(Accessibles.java:60)
	at java.base/java.security.AccessController.doPrivileged(AccessController.java:318)
	at org.assertj.swing.dependency.fest_reflect.util.Accessibles.setAccessible(Accessibles.java:57)
	at org.assertj.swing.dependency.fest_reflect.util.Accessibles.makeAccessible(Accessibles.java:46)
	at org.assertj.swing.dependency.fest_reflect.field.Invoker.verifyCorrectType(Invoker.java:98)
	at org.assertj.swing.dependency.fest_reflect.field.Invoker.createInvoker(Invoker.java:74)
	at org.assertj.swing.dependency.fest_reflect.field.Invoker.newInvoker(Invoker.java:68)
	at org.assertj.swing.dependency.fest_reflect.field.FieldType.in(FieldType.java:74)
	at org.assertj.swing.monitor.ProtectingTimerTask.isCanceled(ProtectingTimerTask.java:54)
	at org.assertj.swing.monitor.ProtectingTimerTask.run(ProtectingTimerTask.java:41)
	at java.base/java.util.TimerThread.mainLoop(Timer.java:566)
	at java.base/java.util.TimerThread.run(Timer.java:516)

Jul 27, 2025 5:36:37 PM org.assertj.swing.monitor.ProtectingTimerTask handleException
WARNING: Exception thrown by a TimerTask
java.lang.reflect.InaccessibleObjectException: Unable to make field int java.util.TimerTask.state accessible: module java.base does not "opens java.util" to unnamed module @76b0bfab
	at java.base/java.lang.reflect.AccessibleObject.checkCanSetAccessible(AccessibleObject.java:354)
	at java.base/java.lang.reflect.AccessibleObject.checkCanSetAccessible(AccessibleObject.java:297)
	at java.base/java.lang.reflect.Field.checkCanSetAccessible(Field.java:178)
	at java.base/java.lang.reflect.Field.setAccessible(Field.java:172)
	at org.assertj.swing.dependency.fest_reflect.util.Accessibles$SetAccessibleAction.run(Accessibles.java:70)
	at org.assertj.swing.dependency.fest_reflect.util.Accessibles$SetAccessibleAction.run(Accessibles.java:60)
	at java.base/java.security.AccessController.doPrivileged(AccessController.java:318)
	at org.assertj.swing.dependency.fest_reflect.util.Accessibles.setAccessible(Accessibles.java:57)
	at org.assertj.swing.dependency.fest_reflect.util.Accessibles.makeAccessible(Accessibles.java:46)
	at org.assertj.swing.dependency.fest_reflect.field.Invoker.verifyCorrectType(Invoker.java:98)
	at org.assertj.swing.dependency.fest_reflect.field.Invoker.createInvoker(Invoker.java:74)
	at org.assertj.swing.dependency.fest_reflect.field.Invoker.newInvoker(Invoker.java:68)
	at org.assertj.swing.dependency.fest_reflect.field.FieldType.in(FieldType.java:74)
	at org.assertj.swing.monitor.ProtectingTimerTask.isCanceled(ProtectingTimerTask.java:54)
	at org.assertj.swing.monitor.ProtectingTimerTask.run(ProtectingTimerTask.java:41)
	at java.base/java.util.TimerThread.mainLoop(Timer.java:566)
	at java.base/java.util.TimerThread.run(Timer.java:516)

]]></system-err>
  </testcase>
  <testcase name="testTopRightBox" classname="GameBoardTest" time="2.71">
    <system-out><![CDATA[Clicking panel: panel_2_2
Clicking panel: panel_4_2
Clicking panel: panel_4_0
Clicking panel: panel_3_0
Clicking panel: panel_4_1
Clicking panel: panel_3_1
Clicking panel: panel_2_0
Clicking panel: panel_2_1
Clicking panel: panel_3_2
]]></system-out>
    <system-err><![CDATA[Jul 27, 2025 5:36:40 PM org.assertj.swing.monitor.ProtectingTimerTask handleException
WARNING: Exception thrown by a TimerTask
java.lang.reflect.InaccessibleObjectException: Unable to make field int java.util.TimerTask.state accessible: module java.base does not "opens java.util" to unnamed module @76b0bfab
	at java.base/java.lang.reflect.AccessibleObject.checkCanSetAccessible(AccessibleObject.java:354)
	at java.base/java.lang.reflect.AccessibleObject.checkCanSetAccessible(AccessibleObject.java:297)
	at java.base/java.lang.reflect.Field.checkCanSetAccessible(Field.java:178)
	at java.base/java.lang.reflect.Field.setAccessible(Field.java:172)
	at org.assertj.swing.dependency.fest_reflect.util.Accessibles$SetAccessibleAction.run(Accessibles.java:70)
	at org.assertj.swing.dependency.fest_reflect.util.Accessibles$SetAccessibleAction.run(Accessibles.java:60)
	at java.base/java.security.AccessController.doPrivileged(AccessController.java:318)
	at org.assertj.swing.dependency.fest_reflect.util.Accessibles.setAccessible(Accessibles.java:57)
	at org.assertj.swing.dependency.fest_reflect.util.Accessibles.makeAccessible(Accessibles.java:46)
	at org.assertj.swing.dependency.fest_reflect.field.Invoker.verifyCorrectType(Invoker.java:98)
	at org.assertj.swing.dependency.fest_reflect.field.Invoker.createInvoker(Invoker.java:74)
	at org.assertj.swing.dependency.fest_reflect.field.Invoker.newInvoker(Invoker.java:68)
	at org.assertj.swing.dependency.fest_reflect.field.FieldType.in(FieldType.java:74)
	at org.assertj.swing.monitor.ProtectingTimerTask.isCanceled(ProtectingTimerTask.java:54)
	at org.assertj.swing.monitor.ProtectingTimerTask.run(ProtectingTimerTask.java:41)
	at java.base/java.util.TimerThread.mainLoop(Timer.java:566)
	at java.base/java.util.TimerThread.run(Timer.java:516)

]]></system-err>
  </testcase>
  <testcase name="testTopLeftCornerBorderChanger" classname="GameBoardTest" time="5.11">
    <system-out><![CDATA[Clicking panel: panel_2_2
Clicking panel: panel_0_0
Clicking panel: panel_3_0
Clicking panel: panel_3_1
Clicking panel: panel_3_2
Clicking panel: panel_4_0
Clicking panel: panel_4_1
Clicking panel: panel_4_2
Clicking panel: panel_0_3
Clicking panel: panel_0_4
Clicking panel: panel_1_3
Clicking panel: panel_1_4
Clicking panel: panel_2_3
Clicking panel: panel_2_4
Clicking panel: panel_3_3
Clicking panel: panel_3_4
Clicking panel: panel_4_3
Clicking panel: panel_4_4
]]></system-out>
    <system-err><![CDATA[Jul 27, 2025 5:36:43 PM org.assertj.swing.monitor.ProtectingTimerTask handleException
WARNING: Exception thrown by a TimerTask
java.lang.reflect.InaccessibleObjectException: Unable to make field int java.util.TimerTask.state accessible: module java.base does not "opens java.util" to unnamed module @76b0bfab
	at java.base/java.lang.reflect.AccessibleObject.checkCanSetAccessible(AccessibleObject.java:354)
	at java.base/java.lang.reflect.AccessibleObject.checkCanSetAccessible(AccessibleObject.java:297)
	at java.base/java.lang.reflect.Field.checkCanSetAccessible(Field.java:178)
	at java.base/java.lang.reflect.Field.setAccessible(Field.java:172)
	at org.assertj.swing.dependency.fest_reflect.util.Accessibles$SetAccessibleAction.run(Accessibles.java:70)
	at org.assertj.swing.dependency.fest_reflect.util.Accessibles$SetAccessibleAction.run(Accessibles.java:60)
	at java.base/java.security.AccessController.doPrivileged(AccessController.java:318)
	at org.assertj.swing.dependency.fest_reflect.util.Accessibles.setAccessible(Accessibles.java:57)
	at org.assertj.swing.dependency.fest_reflect.util.Accessibles.makeAccessible(Accessibles.java:46)
	at org.assertj.swing.dependency.fest_reflect.field.Invoker.verifyCorrectType(Invoker.java:98)
	at org.assertj.swing.dependency.fest_reflect.field.Invoker.createInvoker(Invoker.java:74)
	at org.assertj.swing.dependency.fest_reflect.field.Invoker.newInvoker(Invoker.java:68)
	at org.assertj.swing.dependency.fest_reflect.field.FieldType.in(FieldType.java:74)
	at org.assertj.swing.monitor.ProtectingTimerTask.isCanceled(ProtectingTimerTask.java:54)
	at org.assertj.swing.monitor.ProtectingTimerTask.run(ProtectingTimerTask.java:41)
	at java.base/java.util.TimerThread.mainLoop(Timer.java:566)
	at java.base/java.util.TimerThread.run(Timer.java:516)

Jul 27, 2025 5:36:44 PM org.assertj.swing.monitor.ProtectingTimerTask handleException
WARNING: Exception thrown by a TimerTask
java.lang.reflect.InaccessibleObjectException: Unable to make field int java.util.TimerTask.state accessible: module java.base does not "opens java.util" to unnamed module @76b0bfab
	at java.base/java.lang.reflect.AccessibleObject.checkCanSetAccessible(AccessibleObject.java:354)
	at java.base/java.lang.reflect.AccessibleObject.checkCanSetAccessible(AccessibleObject.java:297)
	at java.base/java.lang.reflect.Field.checkCanSetAccessible(Field.java:178)
	at java.base/java.lang.reflect.Field.setAccessible(Field.java:172)
	at org.assertj.swing.dependency.fest_reflect.util.Accessibles$SetAccessibleAction.run(Accessibles.java:70)
	at org.assertj.swing.dependency.fest_reflect.util.Accessibles$SetAccessibleAction.run(Accessibles.java:60)
	at java.base/java.security.AccessController.doPrivileged(AccessController.java:318)
	at org.assertj.swing.dependency.fest_reflect.util.Accessibles.setAccessible(Accessibles.java:57)
	at org.assertj.swing.dependency.fest_reflect.util.Accessibles.makeAccessible(Accessibles.java:46)
	at org.assertj.swing.dependency.fest_reflect.field.Invoker.verifyCorrectType(Invoker.java:98)
	at org.assertj.swing.dependency.fest_reflect.field.Invoker.createInvoker(Invoker.java:74)
	at org.assertj.swing.dependency.fest_reflect.field.Invoker.newInvoker(Invoker.java:68)
	at org.assertj.swing.dependency.fest_reflect.field.FieldType.in(FieldType.java:74)
	at org.assertj.swing.monitor.ProtectingTimerTask.isCanceled(ProtectingTimerTask.java:54)
	at org.assertj.swing.monitor.ProtectingTimerTask.run(ProtectingTimerTask.java:41)
	at java.base/java.util.TimerThread.mainLoop(Timer.java:566)
	at java.base/java.util.TimerThread.run(Timer.java:516)

]]></system-err>
  </testcase>
  <testcase name="testBottomLeftCornerBorderChanger" classname="GameBoardTest" time="4.926">
    <system-out><![CDATA[Clicking panel: panel_2_2
Clicking panel: panel_0_4
Clicking panel: panel_3_2
Clicking panel: panel_3_3
Clicking panel: panel_3_4
Clicking panel: panel_4_2
Clicking panel: panel_4_3
Clicking panel: panel_4_4
Clicking panel: panel_0_0
Clicking panel: panel_0_1
Clicking panel: panel_1_0
Clicking panel: panel_1_1
Clicking panel: panel_2_0
Clicking panel: panel_2_1
Clicking panel: panel_3_0
Clicking panel: panel_3_1
Clicking panel: panel_4_0
Clicking panel: panel_4_1
]]></system-out>
    <system-err><![CDATA[Jul 27, 2025 5:36:47 PM org.assertj.swing.monitor.ProtectingTimerTask handleException
WARNING: Exception thrown by a TimerTask
java.lang.reflect.InaccessibleObjectException: Unable to make field int java.util.TimerTask.state accessible: module java.base does not "opens java.util" to unnamed module @76b0bfab
	at java.base/java.lang.reflect.AccessibleObject.checkCanSetAccessible(AccessibleObject.java:354)
	at java.base/java.lang.reflect.AccessibleObject.checkCanSetAccessible(AccessibleObject.java:297)
	at java.base/java.lang.reflect.Field.checkCanSetAccessible(Field.java:178)
	at java.base/java.lang.reflect.Field.setAccessible(Field.java:172)
	at org.assertj.swing.dependency.fest_reflect.util.Accessibles$SetAccessibleAction.run(Accessibles.java:70)
	at org.assertj.swing.dependency.fest_reflect.util.Accessibles$SetAccessibleAction.run(Accessibles.java:60)
	at java.base/java.security.AccessController.doPrivileged(AccessController.java:318)
	at org.assertj.swing.dependency.fest_reflect.util.Accessibles.setAccessible(Accessibles.java:57)
	at org.assertj.swing.dependency.fest_reflect.util.Accessibles.makeAccessible(Accessibles.java:46)
	at org.assertj.swing.dependency.fest_reflect.field.Invoker.verifyCorrectType(Invoker.java:98)
	at org.assertj.swing.dependency.fest_reflect.field.Invoker.createInvoker(Invoker.java:74)
	at org.assertj.swing.dependency.fest_reflect.field.Invoker.newInvoker(Invoker.java:68)
	at org.assertj.swing.dependency.fest_reflect.field.FieldType.in(FieldType.java:74)
	at org.assertj.swing.monitor.ProtectingTimerTask.isCanceled(ProtectingTimerTask.java:54)
	at org.assertj.swing.monitor.ProtectingTimerTask.run(ProtectingTimerTask.java:41)
	at java.base/java.util.TimerThread.mainLoop(Timer.java:566)
	at java.base/java.util.TimerThread.run(Timer.java:516)

]]></system-err>
  </testcase>
  <testcase name="testOuterWidthChangerLeft" classname="GameBoardTest" time="3.492">
    <system-out><![CDATA[Clicking panel: panel_2_2
Clicking panel: panel_0_2
Clicking panel: panel_3_0
Clicking panel: panel_3_1
Clicking panel: panel_3_2
Clicking panel: panel_3_3
Clicking panel: panel_3_4
Clicking panel: panel_4_0
Clicking panel: panel_4_1
Clicking panel: panel_4_2
Clicking panel: panel_4_3
Clicking panel: panel_4_4
]]></system-out>
    <system-err><![CDATA[Jul 27, 2025 5:36:50 PM org.assertj.swing.monitor.ProtectingTimerTask handleException
WARNING: Exception thrown by a TimerTask
java.lang.reflect.InaccessibleObjectException: Unable to make field int java.util.TimerTask.state accessible: module java.base does not "opens java.util" to unnamed module @76b0bfab
	at java.base/java.lang.reflect.AccessibleObject.checkCanSetAccessible(AccessibleObject.java:354)
	at java.base/java.lang.reflect.AccessibleObject.checkCanSetAccessible(AccessibleObject.java:297)
	at java.base/java.lang.reflect.Field.checkCanSetAccessible(Field.java:178)
	at java.base/java.lang.reflect.Field.setAccessible(Field.java:172)
	at org.assertj.swing.dependency.fest_reflect.util.Accessibles$SetAccessibleAction.run(Accessibles.java:70)
	at org.assertj.swing.dependency.fest_reflect.util.Accessibles$SetAccessibleAction.run(Accessibles.java:60)
	at java.base/java.security.AccessController.doPrivileged(AccessController.java:318)
	at org.assertj.swing.dependency.fest_reflect.util.Accessibles.setAccessible(Accessibles.java:57)
	at org.assertj.swing.dependency.fest_reflect.util.Accessibles.makeAccessible(Accessibles.java:46)
	at org.assertj.swing.dependency.fest_reflect.field.Invoker.verifyCorrectType(Invoker.java:98)
	at org.assertj.swing.dependency.fest_reflect.field.Invoker.createInvoker(Invoker.java:74)
	at org.assertj.swing.dependency.fest_reflect.field.Invoker.newInvoker(Invoker.java:68)
	at org.assertj.swing.dependency.fest_reflect.field.FieldType.in(FieldType.java:74)
	at org.assertj.swing.monitor.ProtectingTimerTask.isCanceled(ProtectingTimerTask.java:54)
	at org.assertj.swing.monitor.ProtectingTimerTask.run(ProtectingTimerTask.java:41)
	at java.base/java.util.TimerThread.mainLoop(Timer.java:566)
	at java.base/java.util.TimerThread.run(Timer.java:516)

]]></system-err>
  </testcase>
  <testcase name="testTopRightCornerBorderChanger" classname="GameBoardTest" time="4.856">
    <system-out><![CDATA[Clicking panel: panel_2_2
Clicking panel: panel_4_0
Clicking panel: panel_0_0
Clicking panel: panel_0_1
Clicking panel: panel_0_2
Clicking panel: panel_1_0
Clicking panel: panel_1_1
Clicking panel: panel_1_2
Clicking panel: panel_0_3
Clicking panel: panel_0_4
Clicking panel: panel_1_3
Clicking panel: panel_1_4
Clicking panel: panel_2_3
Clicking panel: panel_2_4
Clicking panel: panel_3_3
Clicking panel: panel_3_4
Clicking panel: panel_4_3
Clicking panel: panel_4_4
]]></system-out>
    <system-err><![CDATA[Jul 27, 2025 5:36:55 PM org.assertj.swing.monitor.ProtectingTimerTask handleException
WARNING: Exception thrown by a TimerTask
java.lang.reflect.InaccessibleObjectException: Unable to make field int java.util.TimerTask.state accessible: module java.base does not "opens java.util" to unnamed module @76b0bfab
	at java.base/java.lang.reflect.AccessibleObject.checkCanSetAccessible(AccessibleObject.java:354)
	at java.base/java.lang.reflect.AccessibleObject.checkCanSetAccessible(AccessibleObject.java:297)
	at java.base/java.lang.reflect.Field.checkCanSetAccessible(Field.java:178)
	at java.base/java.lang.reflect.Field.setAccessible(Field.java:172)
	at org.assertj.swing.dependency.fest_reflect.util.Accessibles$SetAccessibleAction.run(Accessibles.java:70)
	at org.assertj.swing.dependency.fest_reflect.util.Accessibles$SetAccessibleAction.run(Accessibles.java:60)
	at java.base/java.security.AccessController.doPrivileged(AccessController.java:318)
	at org.assertj.swing.dependency.fest_reflect.util.Accessibles.setAccessible(Accessibles.java:57)
	at org.assertj.swing.dependency.fest_reflect.util.Accessibles.makeAccessible(Accessibles.java:46)
	at org.assertj.swing.dependency.fest_reflect.field.Invoker.verifyCorrectType(Invoker.java:98)
	at org.assertj.swing.dependency.fest_reflect.field.Invoker.createInvoker(Invoker.java:74)
	at org.assertj.swing.dependency.fest_reflect.field.Invoker.newInvoker(Invoker.java:68)
	at org.assertj.swing.dependency.fest_reflect.field.FieldType.in(FieldType.java:74)
	at org.assertj.swing.monitor.ProtectingTimerTask.isCanceled(ProtectingTimerTask.java:54)
	at org.assertj.swing.monitor.ProtectingTimerTask.run(ProtectingTimerTask.java:41)
	at java.base/java.util.TimerThread.mainLoop(Timer.java:566)
	at java.base/java.util.TimerThread.run(Timer.java:516)

]]></system-err>
  </testcase>
  <testcase name="testInnerHeightChangerUp" classname="GameBoardTest" time="2.301">
    <system-out><![CDATA[Clicking panel: panel_2_2
Clicking panel: panel_2_1
Clicking panel: panel_0_4
Clicking panel: panel_1_4
Clicking panel: panel_2_4
Clicking panel: panel_3_4
Clicking panel: panel_4_4
]]></system-out>
    <system-err><![CDATA[Jul 27, 2025 5:37:00 PM org.assertj.swing.monitor.ProtectingTimerTask handleException
WARNING: Exception thrown by a TimerTask
java.lang.reflect.InaccessibleObjectException: Unable to make field int java.util.TimerTask.state accessible: module java.base does not "opens java.util" to unnamed module @76b0bfab
	at java.base/java.lang.reflect.AccessibleObject.checkCanSetAccessible(AccessibleObject.java:354)
	at java.base/java.lang.reflect.AccessibleObject.checkCanSetAccessible(AccessibleObject.java:297)
	at java.base/java.lang.reflect.Field.checkCanSetAccessible(Field.java:178)
	at java.base/java.lang.reflect.Field.setAccessible(Field.java:172)
	at org.assertj.swing.dependency.fest_reflect.util.Accessibles$SetAccessibleAction.run(Accessibles.java:70)
	at org.assertj.swing.dependency.fest_reflect.util.Accessibles$SetAccessibleAction.run(Accessibles.java:60)
	at java.base/java.security.AccessController.doPrivileged(AccessController.java:318)
	at org.assertj.swing.dependency.fest_reflect.util.Accessibles.setAccessible(Accessibles.java:57)
	at org.assertj.swing.dependency.fest_reflect.util.Accessibles.makeAccessible(Accessibles.java:46)
	at org.assertj.swing.dependency.fest_reflect.field.Invoker.verifyCorrectType(Invoker.java:98)
	at org.assertj.swing.dependency.fest_reflect.field.Invoker.createInvoker(Invoker.java:74)
	at org.assertj.swing.dependency.fest_reflect.field.Invoker.newInvoker(Invoker.java:68)
	at org.assertj.swing.dependency.fest_reflect.field.FieldType.in(FieldType.java:74)
	at org.assertj.swing.monitor.ProtectingTimerTask.isCanceled(ProtectingTimerTask.java:54)
	at org.assertj.swing.monitor.ProtectingTimerTask.run(ProtectingTimerTask.java:41)
	at java.base/java.util.TimerThread.mainLoop(Timer.java:566)
	at java.base/java.util.TimerThread.run(Timer.java:516)

]]></system-err>
  </testcase>
  <testcase name="testMiddleRightBox" classname="GameBoardTest" time="2.712">
    <system-out><![CDATA[Clicking panel: panel_2_2
Clicking panel: panel_4_3
Clicking panel: panel_3_3
Clicking panel: panel_2_3
Clicking panel: panel_4_1
Clicking panel: panel_4_2
Clicking panel: panel_3_2
Clicking panel: panel_3_1
Clicking panel: panel_2_1
]]></system-out>
  </testcase>
  <testcase name="testBottomLeftBox" classname="GameBoardTest" time="2.718">
    <system-out><![CDATA[Clicking panel: panel_2_2
Clicking panel: panel_2_4
Clicking panel: panel_0_2
Clicking panel: panel_1_2
Clicking panel: panel_2_3
Clicking panel: panel_1_3
Clicking panel: panel_0_4
Clicking panel: panel_0_3
Clicking panel: panel_1_4
]]></system-out>
    <system-err><![CDATA[Jul 27, 2025 5:37:04 PM org.assertj.swing.monitor.ProtectingTimerTask handleException
WARNING: Exception thrown by a TimerTask
java.lang.reflect.InaccessibleObjectException: Unable to make field int java.util.TimerTask.state accessible: module java.base does not "opens java.util" to unnamed module @76b0bfab
	at java.base/java.lang.reflect.AccessibleObject.checkCanSetAccessible(AccessibleObject.java:354)
	at java.base/java.lang.reflect.AccessibleObject.checkCanSetAccessible(AccessibleObject.java:297)
	at java.base/java.lang.reflect.Field.checkCanSetAccessible(Field.java:178)
	at java.base/java.lang.reflect.Field.setAccessible(Field.java:172)
	at org.assertj.swing.dependency.fest_reflect.util.Accessibles$SetAccessibleAction.run(Accessibles.java:70)
	at org.assertj.swing.dependency.fest_reflect.util.Accessibles$SetAccessibleAction.run(Accessibles.java:60)
	at java.base/java.security.AccessController.doPrivileged(AccessController.java:318)
	at org.assertj.swing.dependency.fest_reflect.util.Accessibles.setAccessible(Accessibles.java:57)
	at org.assertj.swing.dependency.fest_reflect.util.Accessibles.makeAccessible(Accessibles.java:46)
	at org.assertj.swing.dependency.fest_reflect.field.Invoker.verifyCorrectType(Invoker.java:98)
	at org.assertj.swing.dependency.fest_reflect.field.Invoker.createInvoker(Invoker.java:74)
	at org.assertj.swing.dependency.fest_reflect.field.Invoker.newInvoker(Invoker.java:68)
	at org.assertj.swing.dependency.fest_reflect.field.FieldType.in(FieldType.java:74)
	at org.assertj.swing.monitor.ProtectingTimerTask.isCanceled(ProtectingTimerTask.java:54)
	at org.assertj.swing.monitor.ProtectingTimerTask.run(ProtectingTimerTask.java:41)
	at java.base/java.util.TimerThread.mainLoop(Timer.java:566)
	at java.base/java.util.TimerThread.run(Timer.java:516)

]]></system-err>
  </testcase>
  <testcase name="testMiddleTopBox" classname="GameBoardTest" time="2.711">
    <system-out><![CDATA[Clicking panel: panel_2_2
Clicking panel: panel_1_0
Clicking panel: panel_1_2
Clicking panel: panel_3_2
Clicking panel: panel_1_1
Clicking panel: panel_2_1
Clicking panel: panel_3_0
Clicking panel: panel_3_1
Clicking panel: panel_2_0
]]></system-out>
    <system-err><![CDATA[Jul 27, 2025 5:37:09 PM org.assertj.swing.monitor.ProtectingTimerTask handleException
WARNING: Exception thrown by a TimerTask
java.lang.reflect.InaccessibleObjectException: Unable to make field int java.util.TimerTask.state accessible: module java.base does not "opens java.util" to unnamed module @76b0bfab
	at java.base/java.lang.reflect.AccessibleObject.checkCanSetAccessible(AccessibleObject.java:354)
	at java.base/java.lang.reflect.AccessibleObject.checkCanSetAccessible(AccessibleObject.java:297)
	at java.base/java.lang.reflect.Field.checkCanSetAccessible(Field.java:178)
	at java.base/java.lang.reflect.Field.setAccessible(Field.java:172)
	at org.assertj.swing.dependency.fest_reflect.util.Accessibles$SetAccessibleAction.run(Accessibles.java:70)
	at org.assertj.swing.dependency.fest_reflect.util.Accessibles$SetAccessibleAction.run(Accessibles.java:60)
	at java.base/java.security.AccessController.doPrivileged(AccessController.java:318)
	at org.assertj.swing.dependency.fest_reflect.util.Accessibles.setAccessible(Accessibles.java:57)
	at org.assertj.swing.dependency.fest_reflect.util.Accessibles.makeAccessible(Accessibles.java:46)
	at org.assertj.swing.dependency.fest_reflect.field.Invoker.verifyCorrectType(Invoker.java:98)
	at org.assertj.swing.dependency.fest_reflect.field.Invoker.createInvoker(Invoker.java:74)
	at org.assertj.swing.dependency.fest_reflect.field.Invoker.newInvoker(Invoker.java:68)
	at org.assertj.swing.dependency.fest_reflect.field.FieldType.in(FieldType.java:74)
	at org.assertj.swing.monitor.ProtectingTimerTask.isCanceled(ProtectingTimerTask.java:54)
	at org.assertj.swing.monitor.ProtectingTimerTask.run(ProtectingTimerTask.java:41)
	at java.base/java.util.TimerThread.mainLoop(Timer.java:566)
	at java.base/java.util.TimerThread.run(Timer.java:516)

]]></system-err>
  </testcase>
  <testcase name="testOuterWidthChangerRight" classname="GameBoardTest" time="3.78">
    <system-out><![CDATA[Clicking panel: panel_2_2
Clicking panel: panel_4_2
Clicking panel: panel_1_0
Clicking panel: panel_1_1
Clicking panel: panel_1_2
Clicking panel: panel_1_3
Clicking panel: panel_1_4
Clicking panel: panel_0_0
Clicking panel: panel_0_1
Clicking panel: panel_0_2
Clicking panel: panel_0_3
Clicking panel: panel_0_4
]]></system-out>
    <system-err><![CDATA[Jul 27, 2025 5:37:11 PM org.assertj.swing.monitor.ProtectingTimerTask handleException
WARNING: Exception thrown by a TimerTask
java.lang.reflect.InaccessibleObjectException: Unable to make field int java.util.TimerTask.state accessible: module java.base does not "opens java.util" to unnamed module @76b0bfab
	at java.base/java.lang.reflect.AccessibleObject.checkCanSetAccessible(AccessibleObject.java:354)
	at java.base/java.lang.reflect.AccessibleObject.checkCanSetAccessible(AccessibleObject.java:297)
	at java.base/java.lang.reflect.Field.checkCanSetAccessible(Field.java:178)
	at java.base/java.lang.reflect.Field.setAccessible(Field.java:172)
	at org.assertj.swing.dependency.fest_reflect.util.Accessibles$SetAccessibleAction.run(Accessibles.java:70)
	at org.assertj.swing.dependency.fest_reflect.util.Accessibles$SetAccessibleAction.run(Accessibles.java:60)
	at java.base/java.security.AccessController.doPrivileged(AccessController.java:318)
	at org.assertj.swing.dependency.fest_reflect.util.Accessibles.setAccessible(Accessibles.java:57)
	at org.assertj.swing.dependency.fest_reflect.util.Accessibles.makeAccessible(Accessibles.java:46)
	at org.assertj.swing.dependency.fest_reflect.field.Invoker.verifyCorrectType(Invoker.java:98)
	at org.assertj.swing.dependency.fest_reflect.field.Invoker.createInvoker(Invoker.java:74)
	at org.assertj.swing.dependency.fest_reflect.field.Invoker.newInvoker(Invoker.java:68)
	at org.assertj.swing.dependency.fest_reflect.field.FieldType.in(FieldType.java:74)
	at org.assertj.swing.monitor.ProtectingTimerTask.isCanceled(ProtectingTimerTask.java:54)
	at org.assertj.swing.monitor.ProtectingTimerTask.run(ProtectingTimerTask.java:41)
	at java.base/java.util.TimerThread.mainLoop(Timer.java:566)
	at java.base/java.util.TimerThread.run(Timer.java:516)

]]></system-err>
  </testcase>
  <testcase name="testNormalBox" classname="GameBoardTest" time="2.738">
    <system-out><![CDATA[Clicking panel: panel_2_2
Clicking panel: panel_3_3
Clicking panel: panel_2_3
Clicking panel: panel_1_3
Clicking panel: panel_3_1
Clicking panel: panel_3_2
Clicking panel: panel_1_2
Clicking panel: panel_2_1
Clicking panel: panel_1_1
]]></system-out>
    <system-err><![CDATA[Jul 27, 2025 5:37:14 PM org.assertj.swing.monitor.ProtectingTimerTask handleException
WARNING: Exception thrown by a TimerTask
java.lang.reflect.InaccessibleObjectException: Unable to make field int java.util.TimerTask.state accessible: module java.base does not "opens java.util" to unnamed module @76b0bfab
	at java.base/java.lang.reflect.AccessibleObject.checkCanSetAccessible(AccessibleObject.java:354)
	at java.base/java.lang.reflect.AccessibleObject.checkCanSetAccessible(AccessibleObject.java:297)
	at java.base/java.lang.reflect.Field.checkCanSetAccessible(Field.java:178)
	at java.base/java.lang.reflect.Field.setAccessible(Field.java:172)
	at org.assertj.swing.dependency.fest_reflect.util.Accessibles$SetAccessibleAction.run(Accessibles.java:70)
	at org.assertj.swing.dependency.fest_reflect.util.Accessibles$SetAccessibleAction.run(Accessibles.java:60)
	at java.base/java.security.AccessController.doPrivileged(AccessController.java:318)
	at org.assertj.swing.dependency.fest_reflect.util.Accessibles.setAccessible(Accessibles.java:57)
	at org.assertj.swing.dependency.fest_reflect.util.Accessibles.makeAccessible(Accessibles.java:46)
	at org.assertj.swing.dependency.fest_reflect.field.Invoker.verifyCorrectType(Invoker.java:98)
	at org.assertj.swing.dependency.fest_reflect.field.Invoker.createInvoker(Invoker.java:74)
	at org.assertj.swing.dependency.fest_reflect.field.Invoker.newInvoker(Invoker.java:68)
	at org.assertj.swing.dependency.fest_reflect.field.FieldType.in(FieldType.java:74)
	at org.assertj.swing.monitor.ProtectingTimerTask.isCanceled(ProtectingTimerTask.java:54)
	at org.assertj.swing.monitor.ProtectingTimerTask.run(ProtectingTimerTask.java:41)
	at java.base/java.util.TimerThread.mainLoop(Timer.java:566)
	at java.base/java.util.TimerThread.run(Timer.java:516)

]]></system-err>
  </testcase>
  <testcase name="testMiddleBottomBox" classname="GameBoardTest" time="2.721">
    <system-out><![CDATA[Clicking panel: panel_2_4
Clicking panel: panel_1_2
Clicking panel: panel_1_4
Clicking panel: panel_3_4
Clicking panel: panel_1_3
Clicking panel: panel_2_3
Clicking panel: panel_3_2
Clicking panel: panel_3_3
Clicking panel: panel_2_2
]]></system-out>
    <system-err><![CDATA[Jul 27, 2025 5:37:16 PM org.assertj.swing.monitor.ProtectingTimerTask handleException
WARNING: Exception thrown by a TimerTask
java.lang.reflect.InaccessibleObjectException: Unable to make field int java.util.TimerTask.state accessible: module java.base does not "opens java.util" to unnamed module @76b0bfab
	at java.base/java.lang.reflect.AccessibleObject.checkCanSetAccessible(AccessibleObject.java:354)
	at java.base/java.lang.reflect.AccessibleObject.checkCanSetAccessible(AccessibleObject.java:297)
	at java.base/java.lang.reflect.Field.checkCanSetAccessible(Field.java:178)
	at java.base/java.lang.reflect.Field.setAccessible(Field.java:172)
	at org.assertj.swing.dependency.fest_reflect.util.Accessibles$SetAccessibleAction.run(Accessibles.java:70)
	at org.assertj.swing.dependency.fest_reflect.util.Accessibles$SetAccessibleAction.run(Accessibles.java:60)
	at java.base/java.security.AccessController.doPrivileged(AccessController.java:318)
	at org.assertj.swing.dependency.fest_reflect.util.Accessibles.setAccessible(Accessibles.java:57)
	at org.assertj.swing.dependency.fest_reflect.util.Accessibles.makeAccessible(Accessibles.java:46)
	at org.assertj.swing.dependency.fest_reflect.field.Invoker.verifyCorrectType(Invoker.java:98)
	at org.assertj.swing.dependency.fest_reflect.field.Invoker.createInvoker(Invoker.java:74)
	at org.assertj.swing.dependency.fest_reflect.field.Invoker.newInvoker(Invoker.java:68)
	at org.assertj.swing.dependency.fest_reflect.field.FieldType.in(FieldType.java:74)
	at org.assertj.swing.monitor.ProtectingTimerTask.isCanceled(ProtectingTimerTask.java:54)
	at org.assertj.swing.monitor.ProtectingTimerTask.run(ProtectingTimerTask.java:41)
	at java.base/java.util.TimerThread.mainLoop(Timer.java:566)
	at java.base/java.util.TimerThread.run(Timer.java:516)

]]></system-err>
  </testcase>
  <testcase name="testBottomRightBox" classname="GameBoardTest" time="2.711">
    <system-out><![CDATA[Clicking panel: panel_2_2
Clicking panel: panel_4_4
Clicking panel: panel_4_2
Clicking panel: panel_3_2
Clicking panel: panel_4_3
Clicking panel: panel_3_3
Clicking panel: panel_2_4
Clicking panel: panel_2_3
Clicking panel: panel_3_4
]]></system-out>
    <system-err><![CDATA[Jul 27, 2025 5:37:19 PM org.assertj.swing.monitor.ProtectingTimerTask handleException
WARNING: Exception thrown by a TimerTask
java.lang.reflect.InaccessibleObjectException: Unable to make field int java.util.TimerTask.state accessible: module java.base does not "opens java.util" to unnamed module @76b0bfab
	at java.base/java.lang.reflect.AccessibleObject.checkCanSetAccessible(AccessibleObject.java:354)
	at java.base/java.lang.reflect.AccessibleObject.checkCanSetAccessible(AccessibleObject.java:297)
	at java.base/java.lang.reflect.Field.checkCanSetAccessible(Field.java:178)
	at java.base/java.lang.reflect.Field.setAccessible(Field.java:172)
	at org.assertj.swing.dependency.fest_reflect.util.Accessibles$SetAccessibleAction.run(Accessibles.java:70)
	at org.assertj.swing.dependency.fest_reflect.util.Accessibles$SetAccessibleAction.run(Accessibles.java:60)
	at java.base/java.security.AccessController.doPrivileged(AccessController.java:318)
	at org.assertj.swing.dependency.fest_reflect.util.Accessibles.setAccessible(Accessibles.java:57)
	at org.assertj.swing.dependency.fest_reflect.util.Accessibles.makeAccessible(Accessibles.java:46)
	at org.assertj.swing.dependency.fest_reflect.field.Invoker.verifyCorrectType(Invoker.java:98)
	at org.assertj.swing.dependency.fest_reflect.field.Invoker.createInvoker(Invoker.java:74)
	at org.assertj.swing.dependency.fest_reflect.field.Invoker.newInvoker(Invoker.java:68)
	at org.assertj.swing.dependency.fest_reflect.field.FieldType.in(FieldType.java:74)
	at org.assertj.swing.monitor.ProtectingTimerTask.isCanceled(ProtectingTimerTask.java:54)
	at org.assertj.swing.monitor.ProtectingTimerTask.run(ProtectingTimerTask.java:41)
	at java.base/java.util.TimerThread.mainLoop(Timer.java:566)
	at java.base/java.util.TimerThread.run(Timer.java:516)

]]></system-err>
  </testcase>
  <testcase name="testInnerWidthChangerRight" classname="GameBoardTest" time="2.227">
    <system-out><![CDATA[Clicking panel: panel_2_2
Clicking panel: panel_3_2
Clicking panel: panel_0_0
Clicking panel: panel_0_1
Clicking panel: panel_0_2
Clicking panel: panel_0_3
Clicking panel: panel_0_4
]]></system-out>
    <system-err><![CDATA[Jul 27, 2025 5:37:23 PM org.assertj.swing.monitor.ProtectingTimerTask handleException
WARNING: Exception thrown by a TimerTask
java.lang.reflect.InaccessibleObjectException: Unable to make field int java.util.TimerTask.state accessible: module java.base does not "opens java.util" to unnamed module @76b0bfab
	at java.base/java.lang.reflect.AccessibleObject.checkCanSetAccessible(AccessibleObject.java:354)
	at java.base/java.lang.reflect.AccessibleObject.checkCanSetAccessible(AccessibleObject.java:297)
	at java.base/java.lang.reflect.Field.checkCanSetAccessible(Field.java:178)
	at java.base/java.lang.reflect.Field.setAccessible(Field.java:172)
	at org.assertj.swing.dependency.fest_reflect.util.Accessibles$SetAccessibleAction.run(Accessibles.java:70)
	at org.assertj.swing.dependency.fest_reflect.util.Accessibles$SetAccessibleAction.run(Accessibles.java:60)
	at java.base/java.security.AccessController.doPrivileged(AccessController.java:318)
	at org.assertj.swing.dependency.fest_reflect.util.Accessibles.setAccessible(Accessibles.java:57)
	at org.assertj.swing.dependency.fest_reflect.util.Accessibles.makeAccessible(Accessibles.java:46)
	at org.assertj.swing.dependency.fest_reflect.field.Invoker.verifyCorrectType(Invoker.java:98)
	at org.assertj.swing.dependency.fest_reflect.field.Invoker.createInvoker(Invoker.java:74)
	at org.assertj.swing.dependency.fest_reflect.field.Invoker.newInvoker(Invoker.java:68)
	at org.assertj.swing.dependency.fest_reflect.field.FieldType.in(FieldType.java:74)
	at org.assertj.swing.monitor.ProtectingTimerTask.isCanceled(ProtectingTimerTask.java:54)
	at org.assertj.swing.monitor.ProtectingTimerTask.run(ProtectingTimerTask.java:41)
	at java.base/java.util.TimerThread.mainLoop(Timer.java:566)
	at java.base/java.util.TimerThread.run(Timer.java:516)

]]></system-err>
  </testcase>
  <testcase name="testInitialBoardIsEmpty" classname="GameBoardTest" time="0.539"/>
  <testcase name="testBottomRightCornerBorderChanger" classname="GameBoardTest" time="4.958">
    <system-out><![CDATA[Clicking panel: panel_2_2
Clicking panel: panel_4_4
Clicking panel: panel_0_2
Clicking panel: panel_0_3
Clicking panel: panel_0_4
Clicking panel: panel_1_2
Clicking panel: panel_1_3
Clicking panel: panel_1_4
Clicking panel: panel_0_0
Clicking panel: panel_0_1
Clicking panel: panel_1_0
Clicking panel: panel_1_1
Clicking panel: panel_2_0
Clicking panel: panel_2_1
Clicking panel: panel_3_0
Clicking panel: panel_3_1
Clicking panel: panel_4_0
Clicking panel: panel_4_1
]]></system-out>
    <system-err><![CDATA[Jul 27, 2025 5:37:26 PM org.assertj.swing.monitor.ProtectingTimerTask handleException
WARNING: Exception thrown by a TimerTask
java.lang.reflect.InaccessibleObjectException: Unable to make field int java.util.TimerTask.state accessible: module java.base does not "opens java.util" to unnamed module @76b0bfab
	at java.base/java.lang.reflect.AccessibleObject.checkCanSetAccessible(AccessibleObject.java:354)
	at java.base/java.lang.reflect.AccessibleObject.checkCanSetAccessible(AccessibleObject.java:297)
	at java.base/java.lang.reflect.Field.checkCanSetAccessible(Field.java:178)
	at java.base/java.lang.reflect.Field.setAccessible(Field.java:172)
	at org.assertj.swing.dependency.fest_reflect.util.Accessibles$SetAccessibleAction.run(Accessibles.java:70)
	at org.assertj.swing.dependency.fest_reflect.util.Accessibles$SetAccessibleAction.run(Accessibles.java:60)
	at java.base/java.security.AccessController.doPrivileged(AccessController.java:318)
	at org.assertj.swing.dependency.fest_reflect.util.Accessibles.setAccessible(Accessibles.java:57)
	at org.assertj.swing.dependency.fest_reflect.util.Accessibles.makeAccessible(Accessibles.java:46)
	at org.assertj.swing.dependency.fest_reflect.field.Invoker.verifyCorrectType(Invoker.java:98)
	at org.assertj.swing.dependency.fest_reflect.field.Invoker.createInvoker(Invoker.java:74)
	at org.assertj.swing.dependency.fest_reflect.field.Invoker.newInvoker(Invoker.java:68)
	at org.assertj.swing.dependency.fest_reflect.field.FieldType.in(FieldType.java:74)
	at org.assertj.swing.monitor.ProtectingTimerTask.isCanceled(ProtectingTimerTask.java:54)
	at org.assertj.swing.monitor.ProtectingTimerTask.run(ProtectingTimerTask.java:41)
	at java.base/java.util.TimerThread.mainLoop(Timer.java:566)
	at java.base/java.util.TimerThread.run(Timer.java:516)

Jul 27, 2025 5:37:28 PM org.assertj.swing.monitor.ProtectingTimerTask handleException
WARNING: Exception thrown by a TimerTask
java.lang.reflect.InaccessibleObjectException: Unable to make field int java.util.TimerTask.state accessible: module java.base does not "opens java.util" to unnamed module @76b0bfab
	at java.base/java.lang.reflect.AccessibleObject.checkCanSetAccessible(AccessibleObject.java:354)
	at java.base/java.lang.reflect.AccessibleObject.checkCanSetAccessible(AccessibleObject.java:297)
	at java.base/java.lang.reflect.Field.checkCanSetAccessible(Field.java:178)
	at java.base/java.lang.reflect.Field.setAccessible(Field.java:172)
	at org.assertj.swing.dependency.fest_reflect.util.Accessibles$SetAccessibleAction.run(Accessibles.java:70)
	at org.assertj.swing.dependency.fest_reflect.util.Accessibles$SetAccessibleAction.run(Accessibles.java:60)
	at java.base/java.security.AccessController.doPrivileged(AccessController.java:318)
	at org.assertj.swing.dependency.fest_reflect.util.Accessibles.setAccessible(Accessibles.java:57)
	at org.assertj.swing.dependency.fest_reflect.util.Accessibles.makeAccessible(Accessibles.java:46)
	at org.assertj.swing.dependency.fest_reflect.field.Invoker.verifyCorrectType(Invoker.java:98)
	at org.assertj.swing.dependency.fest_reflect.field.Invoker.createInvoker(Invoker.java:74)
	at org.assertj.swing.dependency.fest_reflect.field.Invoker.newInvoker(Invoker.java:68)
	at org.assertj.swing.dependency.fest_reflect.field.FieldType.in(FieldType.java:74)
	at org.assertj.swing.monitor.ProtectingTimerTask.isCanceled(ProtectingTimerTask.java:54)
	at org.assertj.swing.monitor.ProtectingTimerTask.run(ProtectingTimerTask.java:41)
	at java.base/java.util.TimerThread.mainLoop(Timer.java:566)
	at java.base/java.util.TimerThread.run(Timer.java:516)

]]></system-err>
  </testcase>
</testsuite>